{"level":"info","msg":"/Users/mac/Documents/gowork/temp/app/common/cache/dbGetter.go:13 SLOW SQL \u003e= 1ms\n[55.106ms] [rows:1] SELECT * FROM `temp_user` WHERE id = 1","time":"2022-12-08T14:54:13+08:00"}
{"level":"error","msg":"error:empty error","time":"2022-12-08T14:54:13+08:00"}
{"level":"info","msg":"/Users/mac/Documents/gowork/temp/app/common/cache/dbGetter.go:13 SLOW SQL \u003e= 1ms\n[59.841ms] [rows:1] SELECT * FROM `temp_user` WHERE id = 1","time":"2022-12-08T14:55:05+08:00"}
{"level":"info","msg":"/Users/mac/Documents/gowork/temp/app/model/tempUser.go:70 SLOW SQL \u003e= 1ms\n[118.693ms] [rows:1] UPDATE `temp_user` SET `username`='super1',`updated_at`='2022-12-08 14:55:05.352' WHERE `temp_user`.`deleted_at` IS NULL AND `id` = 1","time":"2022-12-08T14:55:05+08:00"}
{"level":"info","msg":"/Users/mac/Documents/gowork/temp/app/model/tempUser.go:49 record not found\n[60.223ms] [rows:0] SELECT `id`,`username`,`password`,`password_salt` FROM `temp_user` WHERE username = 'super' AND `temp_user`.`deleted_at` IS NULL ORDER BY `temp_user`.`id` LIMIT 1","time":"2022-12-08T15:14:13+08:00"}
{"level":"error","msg":"record not found","time":"2022-12-08T15:14:13+08:00"}
{"level":"error","msg":"error:{401 根据用户名查询数据失败}","time":"2022-12-08T15:14:13+08:00"}
{"level":"info","msg":"/Users/mac/Documents/gowork/temp/app/model/tempUser.go:49 SLOW SQL \u003e= 1ms\n[60.397ms] [rows:1] SELECT `id`,`username`,`password`,`password_salt` FROM `temp_user` WHERE username = 'super1' AND `temp_user`.`deleted_at` IS NULL ORDER BY `temp_user`.`id` LIMIT 1","time":"2022-12-08T15:14:20+08:00"}
{"level":"error","msg":"账户或密码错误，请重试","time":"2022-12-08T15:14:20+08:00"}
{"level":"error","msg":"error:{401 账户或密码错误，请重试}","time":"2022-12-08T15:14:20+08:00"}
{"level":"info","msg":"/Users/mac/Documents/gowork/temp/app/model/tempUser.go:49 SLOW SQL \u003e= 1ms\n[60.406ms] [rows:1] SELECT `id`,`username`,`password`,`password_salt` FROM `temp_user` WHERE username = 'super1' AND `temp_user`.`deleted_at` IS NULL ORDER BY `temp_user`.`id` LIMIT 1","time":"2022-12-08T15:14:30+08:00"}
{"level":"error","msg":"账户或密码错误，请重试","time":"2022-12-08T15:14:30+08:00"}
{"level":"error","msg":"error:{401 账户或密码错误，请重试}","time":"2022-12-08T15:14:30+08:00"}
{"level":"info","msg":"/Users/mac/Documents/gowork/temp/app/model/tempUser.go:59 SLOW SQL \u003e= 1ms\n[28.649ms] [rows:7] SELECT * FROM `temp_user` WHERE `temp_user`.`deleted_at` IS NULL LIMIT 10","time":"2022-12-08T15:14:45+08:00"}
{"level":"info","msg":"/Users/mac/Documents/gowork/temp/app/model/tempUser.go:85 SLOW SQL \u003e= 1ms\n[30.446ms] [rows:7] SELECT * FROM `temp_user` WHERE `temp_user`.`deleted_at` IS NULL LIMIT 10","time":"2022-12-08T18:23:16+08:00"}
{"level":"info","msg":"/Users/mac/Documents/gowork/temp/app/model/tempUser.go:85 SLOW SQL \u003e= 1ms\n[27.227ms] [rows:7] SELECT * FROM `temp_user` WHERE `temp_user`.`deleted_at` IS NULL LIMIT 10","time":"2022-12-08T18:23:56+08:00"}
{"level":"info","msg":"/Users/mac/Documents/gowork/temp/app/model/tempUser.go:85 SLOW SQL \u003e= 1ms\n[28.157ms] [rows:7] SELECT * FROM `temp_user` WHERE `temp_user`.`deleted_at` IS NULL LIMIT 10","time":"2022-12-08T18:25:23+08:00"}
{"level":"info","msg":"/Users/mac/Documents/gowork/temp/app/model/tempUser.go:85 SLOW SQL \u003e= 1ms\n[27.939ms] [rows:7] SELECT * FROM `temp_user` WHERE `temp_user`.`deleted_at` IS NULL LIMIT 10","time":"2022-12-08T18:27:24+08:00"}
{"level":"info","msg":"/Users/mac/Documents/gowork/temp/app/model/tempUser.go:63 SLOW SQL \u003e= 1ms\n[57.722ms] [rows:1] SELECT `id`,`username`,`password`,`password_salt` FROM `temp_user` WHERE username = 'super1' AND `temp_user`.`deleted_at` IS NULL ORDER BY `temp_user`.`id` LIMIT 1","time":"2022-12-08T18:36:40+08:00"}
{"level":"error","msg":"账户或密码错误，请重试","time":"2022-12-08T18:36:40+08:00"}
{"level":"error","msg":"error:{401 账户或密码错误，请重试}","time":"2022-12-08T18:36:40+08:00"}
{"level":"info","msg":"/Users/mac/Documents/gowork/temp/app/model/tempUser.go:126 SLOW SQL \u003e= 1ms\n[27.190ms] [rows:7] SELECT * FROM `temp_user` WHERE `temp_user`.`deleted_at` IS NULL LIMIT 10","time":"2022-12-08T18:37:47+08:00"}
{"level":"info","msg":"/Users/mac/Documents/gowork/temp/app/model/tempUser.go:127 SLOW SQL \u003e= 1ms\n[38.100ms] [rows:1] SELECT count(*) FROM `temp_user`","time":"2022-12-08T18:37:47+08:00"}
{"level":"info","msg":"/Users/mac/Documents/gowork/temp/app/model/tempUser.go:126 SLOW SQL \u003e= 1ms\n[29.623ms] [rows:7] SELECT * FROM `temp_user` WHERE `temp_user`.`deleted_at` IS NULL LIMIT 10","time":"2022-12-08T18:52:48+08:00"}
{"level":"info","msg":"/Users/mac/Documents/gowork/temp/app/model/tempUser.go:127 SLOW SQL \u003e= 1ms\n[36.762ms] [rows:1] SELECT count(*) FROM `temp_user`","time":"2022-12-08T18:52:48+08:00"}
{"level":"info","msg":"/Users/mac/Documents/gowork/temp/app/model/tempUser.go:126 SLOW SQL \u003e= 1ms\n[30.291ms] [rows:7] SELECT * FROM `temp_user` WHERE `temp_user`.`deleted_at` IS NULL LIMIT 10","time":"2022-12-08T18:59:10+08:00"}
{"level":"info","msg":"/Users/mac/Documents/gowork/temp/app/model/tempUser.go:127 SLOW SQL \u003e= 1ms\n[38.132ms] [rows:1] SELECT count(*) FROM `temp_user`","time":"2022-12-08T18:59:10+08:00"}
{"level":"info","msg":"/Users/mac/Documents/gowork/temp/app/model/tempUser.go:126 SLOW SQL \u003e= 1ms\n[28.955ms] [rows:0] SELECT * FROM `temp_user` WHERE `temp_user`.`deleted_at` IS NULL LIMIT 0","time":"2022-12-08T19:04:39+08:00"}
{"level":"info","msg":"/Users/mac/Documents/gowork/temp/app/model/tempUser.go:127 SLOW SQL \u003e= 1ms\n[37.536ms] [rows:1] SELECT count(*) FROM `temp_user`","time":"2022-12-08T19:04:39+08:00"}
{"level":"info","msg":"/Users/mac/Documents/gowork/temp/app/model/tempUser.go:126 SLOW SQL \u003e= 1ms\n[31.196ms] [rows:0] SELECT * FROM `temp_user` WHERE `temp_user`.`deleted_at` IS NULL LIMIT 0","time":"2022-12-08T19:10:01+08:00"}
{"level":"info","msg":"/Users/mac/Documents/gowork/temp/app/model/tempUser.go:127 SLOW SQL \u003e= 1ms\n[31.099ms] [rows:1] SELECT count(*) FROM `temp_user`","time":"2022-12-08T19:10:01+08:00"}
{"level":"info","msg":"/Users/mac/Documents/gowork/temp/app/model/tempUser.go:126 SLOW SQL \u003e= 1ms\n[26.895ms] [rows:0] SELECT * FROM `temp_user` WHERE `temp_user`.`deleted_at` IS NULL LIMIT 0","time":"2022-12-08T19:10:50+08:00"}
{"level":"info","msg":"/Users/mac/Documents/gowork/temp/app/model/tempUser.go:127 SLOW SQL \u003e= 1ms\n[40.736ms] [rows:1] SELECT count(*) FROM `temp_user`","time":"2022-12-08T19:10:50+08:00"}
{"level":"info","msg":"/Users/mac/Documents/gowork/temp/app/model/tempUser.go:63 SLOW SQL \u003e= 1ms\n[54.018ms] [rows:1] SELECT `id`,`username`,`password`,`password_salt` FROM `temp_user` WHERE username = 'super1' AND `temp_user`.`deleted_at` IS NULL ORDER BY `temp_user`.`id` LIMIT 1","time":"2022-12-08T19:12:07+08:00"}
{"level":"error","msg":"账户或密码错误，请重试","time":"2022-12-08T19:12:07+08:00"}
{"level":"error","msg":"error:{401 账户或密码错误，请重试}","time":"2022-12-08T19:12:07+08:00"}
{"level":"info","msg":"/Users/mac/Documents/gowork/temp/app/model/tempUser.go:126 SLOW SQL \u003e= 1ms\n[26.644ms] [rows:0] SELECT * FROM `temp_user` WHERE `temp_user`.`deleted_at` IS NULL LIMIT 0","time":"2022-12-08T19:12:12+08:00"}
{"level":"info","msg":"/Users/mac/Documents/gowork/temp/app/model/tempUser.go:127 SLOW SQL \u003e= 1ms\n[47.305ms] [rows:1] SELECT count(*) FROM `temp_user`","time":"2022-12-08T19:12:12+08:00"}
{"level":"info","msg":"/Users/mac/Documents/gowork/temp/app/model/tempUser.go:126 SLOW SQL \u003e= 1ms\n[29.244ms] [rows:5] SELECT * FROM `temp_user` WHERE `temp_user`.`deleted_at` IS NULL LIMIT 5","time":"2022-12-08T19:12:54+08:00"}
{"level":"info","msg":"/Users/mac/Documents/gowork/temp/app/model/tempUser.go:127 SLOW SQL \u003e= 1ms\n[37.130ms] [rows:1] SELECT count(*) FROM `temp_user`","time":"2022-12-08T19:12:54+08:00"}
{"level":"info","msg":"/Users/mac/Documents/gowork/temp/app/model/tempUser.go:126 SLOW SQL \u003e= 1ms\n[27.182ms] [rows:0] SELECT * FROM `temp_user` WHERE `temp_user`.`deleted_at` IS NULL LIMIT 0","time":"2022-12-08T19:19:59+08:00"}
{"level":"info","msg":"/Users/mac/Documents/gowork/temp/app/model/tempUser.go:127 SLOW SQL \u003e= 1ms\n[32.215ms] [rows:1] SELECT count(*) FROM `temp_user`","time":"2022-12-08T19:19:59+08:00"}
{"level":"info","msg":"/Users/mac/Documents/gowork/temp/app/model/tempUser.go:126 SLOW SQL \u003e= 1ms\n[28.831ms] [rows:0] SELECT * FROM `temp_user` WHERE `temp_user`.`deleted_at` IS NULL LIMIT 0","time":"2022-12-08T19:20:16+08:00"}
{"level":"info","msg":"/Users/mac/Documents/gowork/temp/app/model/tempUser.go:127 SLOW SQL \u003e= 1ms\n[38.686ms] [rows:1] SELECT count(*) FROM `temp_user`","time":"2022-12-08T19:20:16+08:00"}
{"level":"info","msg":"/Users/mac/Documents/gowork/temp/app/model/tempUser.go:126 SLOW SQL \u003e= 1ms\n[28.862ms] [rows:0] SELECT * FROM `temp_user` WHERE `temp_user`.`deleted_at` IS NULL LIMIT 0","time":"2022-12-08T19:20:38+08:00"}
{"level":"info","msg":"/Users/mac/Documents/gowork/temp/app/model/tempUser.go:127 SLOW SQL \u003e= 1ms\n[38.641ms] [rows:1] SELECT count(*) FROM `temp_user`","time":"2022-12-08T19:20:38+08:00"}
{"level":"info","msg":"/Users/mac/Documents/gowork/temp/app/model/tempUser.go:126 SLOW SQL \u003e= 1ms\n[28.249ms] [rows:0] SELECT * FROM `temp_user` WHERE `temp_user`.`deleted_at` IS NULL LIMIT 0","time":"2022-12-08T19:22:13+08:00"}
{"level":"info","msg":"/Users/mac/Documents/gowork/temp/app/model/tempUser.go:127 SLOW SQL \u003e= 1ms\n[38.005ms] [rows:1] SELECT count(*) FROM `temp_user`","time":"2022-12-08T19:22:13+08:00"}
{"level":"info","msg":"/Users/mac/Documents/gowork/temp/app/model/tempUser.go:126 SLOW SQL \u003e= 1ms\n[27.386ms] [rows:0] SELECT * FROM `temp_user` WHERE `temp_user`.`deleted_at` IS NULL LIMIT 0","time":"2022-12-08T19:22:20+08:00"}
{"level":"info","msg":"/Users/mac/Documents/gowork/temp/app/model/tempUser.go:127 SLOW SQL \u003e= 1ms\n[37.626ms] [rows:1] SELECT count(*) FROM `temp_user`","time":"2022-12-08T19:22:20+08:00"}
{"level":"info","msg":"/Users/mac/Documents/gowork/temp/app/model/tempUser.go:126 SLOW SQL \u003e= 1ms\n[29.377ms] [rows:0] SELECT * FROM `temp_user` WHERE `temp_user`.`deleted_at` IS NULL LIMIT 0","time":"2022-12-08T19:25:04+08:00"}
{"level":"info","msg":"/Users/mac/Documents/gowork/temp/app/model/tempUser.go:127 SLOW SQL \u003e= 1ms\n[38.071ms] [rows:1] SELECT count(*) FROM `temp_user`","time":"2022-12-08T19:25:04+08:00"}
{"level":"info","msg":"/Users/mac/Documents/gowork/temp/app/model/tempUser.go:126 SLOW SQL \u003e= 1ms\n[26.307ms] [rows:0] SELECT * FROM `temp_user` WHERE `temp_user`.`deleted_at` IS NULL LIMIT 0","time":"2022-12-08T19:25:25+08:00"}
{"level":"info","msg":"/Users/mac/Documents/gowork/temp/app/model/tempUser.go:127 SLOW SQL \u003e= 1ms\n[40.128ms] [rows:1] SELECT count(*) FROM `temp_user`","time":"2022-12-08T19:25:25+08:00"}
{"level":"info","msg":"/Users/mac/Documents/gowork/temp/app/model/tempUser.go:126 SLOW SQL \u003e= 1ms\n[26.790ms] [rows:0] SELECT * FROM `temp_user` WHERE `temp_user`.`deleted_at` IS NULL LIMIT 0","time":"2022-12-08T19:26:20+08:00"}
{"level":"info","msg":"/Users/mac/Documents/gowork/temp/app/model/tempUser.go:127 SLOW SQL \u003e= 1ms\n[33.347ms] [rows:1] SELECT count(*) FROM `temp_user`","time":"2022-12-08T19:26:20+08:00"}
{"level":"info","msg":"/Users/mac/Documents/gowork/temp/app/model/tempUser.go:126 SLOW SQL \u003e= 1ms\n[26.727ms] [rows:0] SELECT * FROM `temp_user` WHERE `temp_user`.`deleted_at` IS NULL LIMIT 0","time":"2022-12-08T19:27:33+08:00"}
{"level":"info","msg":"/Users/mac/Documents/gowork/temp/app/model/tempUser.go:127 SLOW SQL \u003e= 1ms\n[38.104ms] [rows:1] SELECT count(*) FROM `temp_user`","time":"2022-12-08T19:27:33+08:00"}
{"level":"info","msg":"/Users/mac/Documents/gowork/temp/app/model/tempUser.go:126 SLOW SQL \u003e= 1ms\n[26.845ms] [rows:0] SELECT * FROM `temp_user` WHERE `temp_user`.`deleted_at` IS NULL LIMIT 0","time":"2022-12-08T19:27:35+08:00"}
{"level":"info","msg":"/Users/mac/Documents/gowork/temp/app/model/tempUser.go:127 SLOW SQL \u003e= 1ms\n[42.040ms] [rows:1] SELECT count(*) FROM `temp_user`","time":"2022-12-08T19:27:35+08:00"}
{"level":"info","msg":"/Users/mac/Documents/gowork/temp/app/model/tempUser.go:126 SLOW SQL \u003e= 1ms\n[26.687ms] [rows:0] SELECT * FROM `temp_user` WHERE `temp_user`.`deleted_at` IS NULL LIMIT 0","time":"2022-12-08T19:27:47+08:00"}
{"level":"info","msg":"/Users/mac/Documents/gowork/temp/app/model/tempUser.go:127 SLOW SQL \u003e= 1ms\n[33.566ms] [rows:1] SELECT count(*) FROM `temp_user`","time":"2022-12-08T19:27:47+08:00"}
{"level":"info","msg":"/Users/mac/Documents/gowork/temp/app/model/tempUser.go:126 SLOW SQL \u003e= 1ms\n[27.358ms] [rows:0] SELECT * FROM `temp_user` WHERE `temp_user`.`deleted_at` IS NULL LIMIT 0","time":"2022-12-08T19:31:41+08:00"}
{"level":"info","msg":"/Users/mac/Documents/gowork/temp/app/model/tempUser.go:127 SLOW SQL \u003e= 1ms\n[38.627ms] [rows:1] SELECT count(*) FROM `temp_user`","time":"2022-12-08T19:31:41+08:00"}
{"level":"info","msg":"/Users/mac/Documents/gowork/temp/app/model/tempUser.go:126 SLOW SQL \u003e= 1ms\n[27.156ms] [rows:0] SELECT * FROM `temp_user` WHERE `temp_user`.`deleted_at` IS NULL LIMIT 0","time":"2022-12-08T19:33:18+08:00"}
{"level":"info","msg":"/Users/mac/Documents/gowork/temp/app/model/tempUser.go:127 SLOW SQL \u003e= 1ms\n[33.116ms] [rows:1] SELECT count(*) FROM `temp_user`","time":"2022-12-08T19:33:18+08:00"}
{"level":"info","msg":"/Users/mac/Documents/gowork/temp/app/model/tempUser.go:126 SLOW SQL \u003e= 1ms\n[27.031ms] [rows:0] SELECT * FROM `temp_user` WHERE `temp_user`.`deleted_at` IS NULL LIMIT 0","time":"2022-12-08T19:33:55+08:00"}
{"level":"info","msg":"/Users/mac/Documents/gowork/temp/app/model/tempUser.go:127 SLOW SQL \u003e= 1ms\n[33.131ms] [rows:1] SELECT count(*) FROM `temp_user`","time":"2022-12-08T19:33:55+08:00"}
{"level":"info","msg":"/Users/mac/Documents/gowork/temp/app/model/tempUser.go:126 SLOW SQL \u003e= 1ms\n[27.399ms] [rows:0] SELECT * FROM `temp_user` WHERE `temp_user`.`deleted_at` IS NULL LIMIT 0","time":"2022-12-08T19:34:17+08:00"}
{"level":"info","msg":"/Users/mac/Documents/gowork/temp/app/model/tempUser.go:127 SLOW SQL \u003e= 1ms\n[33.534ms] [rows:1] SELECT count(*) FROM `temp_user`","time":"2022-12-08T19:34:17+08:00"}
{"level":"info","msg":"/Users/mac/Documents/gowork/temp/app/model/tempUser.go:126 SLOW SQL \u003e= 1ms\n[26.366ms] [rows:0] SELECT * FROM `temp_user` WHERE `temp_user`.`deleted_at` IS NULL LIMIT 0","time":"2022-12-08T19:34:38+08:00"}
{"level":"info","msg":"/Users/mac/Documents/gowork/temp/app/model/tempUser.go:127 SLOW SQL \u003e= 1ms\n[31.449ms] [rows:1] SELECT count(*) FROM `temp_user`","time":"2022-12-08T19:34:38+08:00"}
{"level":"info","msg":"/Users/mac/Documents/gowork/temp/app/model/tempUser.go:126 SLOW SQL \u003e= 1ms\n[28.963ms] [rows:0] SELECT * FROM `temp_user` WHERE `temp_user`.`deleted_at` IS NULL LIMIT 0","time":"2022-12-08T19:35:14+08:00"}
{"level":"info","msg":"/Users/mac/Documents/gowork/temp/app/model/tempUser.go:127 SLOW SQL \u003e= 1ms\n[42.613ms] [rows:1] SELECT count(*) FROM `temp_user`","time":"2022-12-08T19:35:15+08:00"}
{"level":"info","msg":"/Users/mac/Documents/gowork/temp/app/model/tempUser.go:126 SLOW SQL \u003e= 1ms\n[28.666ms] [rows:0] SELECT * FROM `temp_user` WHERE `temp_user`.`deleted_at` IS NULL LIMIT 0","time":"2022-12-08T19:35:47+08:00"}
{"level":"info","msg":"/Users/mac/Documents/gowork/temp/app/model/tempUser.go:127 SLOW SQL \u003e= 1ms\n[35.034ms] [rows:1] SELECT count(*) FROM `temp_user`","time":"2022-12-08T19:35:47+08:00"}
{"level":"info","msg":"/Users/mac/Documents/gowork/temp/app/model/tempUser.go:126 SLOW SQL \u003e= 1ms\n[30.332ms] [rows:0] SELECT * FROM `temp_user` WHERE `temp_user`.`deleted_at` IS NULL LIMIT 0","time":"2022-12-08T19:36:19+08:00"}
{"level":"info","msg":"/Users/mac/Documents/gowork/temp/app/model/tempUser.go:127 SLOW SQL \u003e= 1ms\n[38.225ms] [rows:1] SELECT count(*) FROM `temp_user`","time":"2022-12-08T19:36:19+08:00"}
{"level":"info","msg":"/Users/mac/Documents/gowork/temp/app/model/tempUser.go:126 SLOW SQL \u003e= 1ms\n[26.508ms] [rows:0] SELECT * FROM `temp_user` WHERE `temp_user`.`deleted_at` IS NULL LIMIT 0","time":"2022-12-08T19:37:17+08:00"}
{"level":"info","msg":"/Users/mac/Documents/gowork/temp/app/model/tempUser.go:127 SLOW SQL \u003e= 1ms\n[32.464ms] [rows:1] SELECT count(*) FROM `temp_user`","time":"2022-12-08T19:37:17+08:00"}
{"level":"info","msg":"/Users/mac/Documents/gowork/temp/app/model/tempUser.go:126 SLOW SQL \u003e= 1ms\n[29.449ms] [rows:0] SELECT * FROM `temp_user` WHERE `temp_user`.`deleted_at` IS NULL LIMIT 0","time":"2022-12-08T19:37:31+08:00"}
{"level":"info","msg":"/Users/mac/Documents/gowork/temp/app/model/tempUser.go:127 SLOW SQL \u003e= 1ms\n[39.021ms] [rows:1] SELECT count(*) FROM `temp_user`","time":"2022-12-08T19:37:31+08:00"}
{"level":"info","msg":"/Users/mac/Documents/gowork/temp/app/model/tempUser.go:126 SLOW SQL \u003e= 1ms\n[27.242ms] [rows:0] SELECT * FROM `temp_user` WHERE `temp_user`.`deleted_at` IS NULL LIMIT 0","time":"2022-12-08T19:37:58+08:00"}
{"level":"info","msg":"/Users/mac/Documents/gowork/temp/app/model/tempUser.go:127 SLOW SQL \u003e= 1ms\n[32.872ms] [rows:1] SELECT count(*) FROM `temp_user`","time":"2022-12-08T19:37:58+08:00"}
{"level":"info","msg":"/Users/mac/Documents/gowork/temp/app/model/tempUser.go:126 SLOW SQL \u003e= 1ms\n[26.372ms] [rows:0] SELECT * FROM `temp_user` WHERE `temp_user`.`deleted_at` IS NULL LIMIT 0","time":"2022-12-08T19:38:11+08:00"}
{"level":"info","msg":"/Users/mac/Documents/gowork/temp/app/model/tempUser.go:127 SLOW SQL \u003e= 1ms\n[33.733ms] [rows:1] SELECT count(*) FROM `temp_user`","time":"2022-12-08T19:38:11+08:00"}
{"level":"info","msg":"/Users/mac/Documents/gowork/temp/app/model/tempUser.go:126 SLOW SQL \u003e= 1ms\n[26.861ms] [rows:0] SELECT * FROM `temp_user` WHERE `temp_user`.`deleted_at` IS NULL LIMIT 0","time":"2022-12-08T19:38:35+08:00"}
{"level":"info","msg":"/Users/mac/Documents/gowork/temp/app/model/tempUser.go:127 SLOW SQL \u003e= 1ms\n[30.244ms] [rows:1] SELECT count(*) FROM `temp_user`","time":"2022-12-08T19:38:35+08:00"}
{"level":"info","msg":"/Users/mac/Documents/gowork/temp/app/model/tempUser.go:126 SLOW SQL \u003e= 1ms\n[26.410ms] [rows:0] SELECT * FROM `temp_user` WHERE `temp_user`.`deleted_at` IS NULL LIMIT 0","time":"2022-12-08T19:39:20+08:00"}
{"level":"info","msg":"/Users/mac/Documents/gowork/temp/app/model/tempUser.go:127 SLOW SQL \u003e= 1ms\n[37.239ms] [rows:1] SELECT count(*) FROM `temp_user`","time":"2022-12-08T19:39:20+08:00"}
{"level":"info","msg":"/Users/mac/Documents/gowork/temp/app/model/tempUser.go:126 SLOW SQL \u003e= 1ms\n[26.492ms] [rows:0] SELECT * FROM `temp_user` WHERE `temp_user`.`deleted_at` IS NULL LIMIT 0","time":"2022-12-08T19:39:24+08:00"}
{"level":"info","msg":"/Users/mac/Documents/gowork/temp/app/model/tempUser.go:127 SLOW SQL \u003e= 1ms\n[31.695ms] [rows:1] SELECT count(*) FROM `temp_user`","time":"2022-12-08T19:39:24+08:00"}
{"level":"info","msg":"/Users/mac/Documents/gowork/temp/app/model/tempUser.go:126 SLOW SQL \u003e= 1ms\n[26.374ms] [rows:0] SELECT * FROM `temp_user` WHERE `temp_user`.`deleted_at` IS NULL LIMIT 0","time":"2022-12-08T19:39:30+08:00"}
{"level":"info","msg":"/Users/mac/Documents/gowork/temp/app/model/tempUser.go:127 SLOW SQL \u003e= 1ms\n[28.621ms] [rows:1] SELECT count(*) FROM `temp_user`","time":"2022-12-08T19:39:30+08:00"}
{"level":"info","msg":"/Users/mac/Documents/gowork/temp/app/model/tempUser.go:126 SLOW SQL \u003e= 1ms\n[26.289ms] [rows:0] SELECT * FROM `temp_user` WHERE `temp_user`.`deleted_at` IS NULL LIMIT 0","time":"2022-12-08T19:39:36+08:00"}
{"level":"info","msg":"/Users/mac/Documents/gowork/temp/app/model/tempUser.go:127 SLOW SQL \u003e= 1ms\n[40.006ms] [rows:1] SELECT count(*) FROM `temp_user`","time":"2022-12-08T19:39:36+08:00"}
{"level":"info","msg":"/Users/mac/Documents/gowork/temp/app/model/tempUser.go:126 SLOW SQL \u003e= 1ms\n[26.307ms] [rows:0] SELECT * FROM `temp_user` WHERE `temp_user`.`deleted_at` IS NULL LIMIT 0","time":"2022-12-08T19:39:39+08:00"}
{"level":"info","msg":"/Users/mac/Documents/gowork/temp/app/model/tempUser.go:127 SLOW SQL \u003e= 1ms\n[37.104ms] [rows:1] SELECT count(*) FROM `temp_user`","time":"2022-12-08T19:39:39+08:00"}
{"level":"info","msg":"/Users/mac/Documents/gowork/temp/app/model/tempUser.go:126 SLOW SQL \u003e= 1ms\n[26.416ms] [rows:0] SELECT * FROM `temp_user` WHERE `temp_user`.`deleted_at` IS NULL LIMIT 0","time":"2022-12-08T19:39:56+08:00"}
{"level":"info","msg":"/Users/mac/Documents/gowork/temp/app/model/tempUser.go:127 SLOW SQL \u003e= 1ms\n[32.395ms] [rows:1] SELECT count(*) FROM `temp_user`","time":"2022-12-08T19:39:56+08:00"}
{"level":"info","msg":"/Users/mac/Documents/gowork/temp/app/model/tempUser.go:126 SLOW SQL \u003e= 1ms\n[26.723ms] [rows:0] SELECT * FROM `temp_user` WHERE `temp_user`.`deleted_at` IS NULL LIMIT 0","time":"2022-12-08T19:40:04+08:00"}
{"level":"info","msg":"/Users/mac/Documents/gowork/temp/app/model/tempUser.go:127 SLOW SQL \u003e= 1ms\n[27.629ms] [rows:1] SELECT count(*) FROM `temp_user`","time":"2022-12-08T19:40:05+08:00"}
{"level":"info","msg":"/Users/mac/Documents/gowork/temp/app/model/tempUser.go:126 SLOW SQL \u003e= 1ms\n[26.332ms] [rows:0] SELECT * FROM `temp_user` WHERE `temp_user`.`deleted_at` IS NULL LIMIT 0","time":"2022-12-08T19:40:24+08:00"}
{"level":"info","msg":"/Users/mac/Documents/gowork/temp/app/model/tempUser.go:127 SLOW SQL \u003e= 1ms\n[36.140ms] [rows:1] SELECT count(*) FROM `temp_user`","time":"2022-12-08T19:40:24+08:00"}
{"level":"info","msg":"/Users/mac/Documents/gowork/temp/app/model/tempUser.go:126 SLOW SQL \u003e= 1ms\n[26.192ms] [rows:0] SELECT * FROM `temp_user` WHERE `temp_user`.`deleted_at` IS NULL LIMIT 0","time":"2022-12-08T19:40:33+08:00"}
{"level":"info","msg":"/Users/mac/Documents/gowork/temp/app/model/tempUser.go:127 SLOW SQL \u003e= 1ms\n[42.306ms] [rows:1] SELECT count(*) FROM `temp_user`","time":"2022-12-08T19:40:33+08:00"}
{"level":"info","msg":"/Users/mac/Documents/gowork/temp/app/model/tempUser.go:126 SLOW SQL \u003e= 1ms\n[27.216ms] [rows:0] SELECT * FROM `temp_user` WHERE `temp_user`.`deleted_at` IS NULL LIMIT 0","time":"2022-12-08T19:41:46+08:00"}
{"level":"info","msg":"/Users/mac/Documents/gowork/temp/app/model/tempUser.go:127 SLOW SQL \u003e= 1ms\n[46.715ms] [rows:1] SELECT count(*) FROM `temp_user`","time":"2022-12-08T19:41:46+08:00"}
{"level":"info","msg":"/Users/mac/Documents/gowork/temp/app/model/tempUser.go:126 SLOW SQL \u003e= 1ms\n[30.536ms] [rows:0] SELECT * FROM `temp_user` WHERE `temp_user`.`deleted_at` IS NULL LIMIT 0","time":"2022-12-08T19:44:55+08:00"}
{"level":"info","msg":"/Users/mac/Documents/gowork/temp/app/model/tempUser.go:127 SLOW SQL \u003e= 1ms\n[45.773ms] [rows:1] SELECT count(*) FROM `temp_user`","time":"2022-12-08T19:44:55+08:00"}
{"level":"info","msg":"/Users/mac/Documents/gowork/temp/app/model/tempUser.go:126 SLOW SQL \u003e= 1ms\n[162.608ms] [rows:0] SELECT * FROM `temp_user` WHERE `temp_user`.`deleted_at` IS NULL LIMIT 0","time":"2022-12-08T19:44:56+08:00"}
{"level":"info","msg":"/Users/mac/Documents/gowork/temp/app/model/tempUser.go:127 SLOW SQL \u003e= 1ms\n[36.429ms] [rows:1] SELECT count(*) FROM `temp_user`","time":"2022-12-08T19:44:56+08:00"}
{"level":"info","msg":"/Users/mac/Documents/gowork/temp/app/model/tempUser.go:126 SLOW SQL \u003e= 1ms\n[27.036ms] [rows:0] SELECT * FROM `temp_user` WHERE `temp_user`.`deleted_at` IS NULL LIMIT 0","time":"2022-12-08T19:45:22+08:00"}
{"level":"info","msg":"/Users/mac/Documents/gowork/temp/app/model/tempUser.go:127 SLOW SQL \u003e= 1ms\n[36.369ms] [rows:1] SELECT count(*) FROM `temp_user`","time":"2022-12-08T19:45:22+08:00"}
{"level":"info","msg":"/Users/mac/Documents/gowork/temp/app/model/tempUser.go:126 SLOW SQL \u003e= 1ms\n[29.006ms] [rows:0] SELECT * FROM `temp_user` WHERE `temp_user`.`deleted_at` IS NULL LIMIT 0","time":"2022-12-08T19:46:40+08:00"}
{"level":"info","msg":"/Users/mac/Documents/gowork/temp/app/model/tempUser.go:127 SLOW SQL \u003e= 1ms\n[42.192ms] [rows:1] SELECT count(*) FROM `temp_user`","time":"2022-12-08T19:46:40+08:00"}
{"level":"info","msg":"/Users/mac/Documents/gowork/temp/app/model/tempUser.go:126 SLOW SQL \u003e= 1ms\n[28.947ms] [rows:0] SELECT * FROM `temp_user` WHERE `temp_user`.`deleted_at` IS NULL LIMIT 0","time":"2022-12-08T19:46:41+08:00"}
{"level":"info","msg":"/Users/mac/Documents/gowork/temp/app/model/tempUser.go:127 SLOW SQL \u003e= 1ms\n[50.343ms] [rows:1] SELECT count(*) FROM `temp_user`","time":"2022-12-08T19:46:41+08:00"}
{"level":"info","msg":"/Users/mac/Documents/gowork/temp/app/model/tempUser.go:126 SLOW SQL \u003e= 1ms\n[28.290ms] [rows:4] SELECT * FROM `temp_user` WHERE `temp_user`.`deleted_at` IS NULL LIMIT 4","time":"2022-12-08T19:49:38+08:00"}
{"level":"info","msg":"/Users/mac/Documents/gowork/temp/app/model/tempUser.go:127 SLOW SQL \u003e= 1ms\n[40.401ms] [rows:1] SELECT count(*) FROM `temp_user`","time":"2022-12-08T19:49:38+08:00"}
{"level":"info","msg":"/Users/mac/Documents/gowork/temp/app/model/tempUser.go:126 SLOW SQL \u003e= 1ms\n[27.260ms] [rows:4] SELECT * FROM `temp_user` WHERE `temp_user`.`deleted_at` IS NULL LIMIT 4","time":"2022-12-08T19:51:54+08:00"}
{"level":"info","msg":"/Users/mac/Documents/gowork/temp/app/model/tempUser.go:127 SLOW SQL \u003e= 1ms\n[33.140ms] [rows:1] SELECT count(*) FROM `temp_user`","time":"2022-12-08T19:51:54+08:00"}
{"level":"info","msg":"/Users/mac/Documents/gowork/temp/app/model/tempUser.go:126 SLOW SQL \u003e= 1ms\n[26.889ms] [rows:4] SELECT * FROM `temp_user` WHERE `temp_user`.`deleted_at` IS NULL LIMIT 4","time":"2022-12-08T19:51:56+08:00"}
{"level":"info","msg":"/Users/mac/Documents/gowork/temp/app/model/tempUser.go:127 SLOW SQL \u003e= 1ms\n[37.038ms] [rows:1] SELECT count(*) FROM `temp_user`","time":"2022-12-08T19:51:56+08:00"}
{"level":"info","msg":"/Users/mac/Documents/gowork/temp/app/model/tempUser.go:126 SLOW SQL \u003e= 1ms\n[27.128ms] [rows:4] SELECT * FROM `temp_user` WHERE `temp_user`.`deleted_at` IS NULL LIMIT 4","time":"2022-12-08T19:52:16+08:00"}
{"level":"info","msg":"/Users/mac/Documents/gowork/temp/app/model/tempUser.go:127 SLOW SQL \u003e= 1ms\n[43.408ms] [rows:1] SELECT count(*) FROM `temp_user`","time":"2022-12-08T19:52:16+08:00"}
{"level":"info","msg":"/Users/mac/Documents/gowork/temp/app/model/tempUser.go:126 SLOW SQL \u003e= 1ms\n[26.614ms] [rows:4] SELECT * FROM `temp_user` WHERE `temp_user`.`deleted_at` IS NULL LIMIT 4","time":"2022-12-08T19:52:18+08:00"}
{"level":"info","msg":"/Users/mac/Documents/gowork/temp/app/model/tempUser.go:127 SLOW SQL \u003e= 1ms\n[30.662ms] [rows:1] SELECT count(*) FROM `temp_user`","time":"2022-12-08T19:52:18+08:00"}
{"level":"info","msg":"/Users/mac/Documents/gowork/temp/app/model/tempUser.go:126 SLOW SQL \u003e= 1ms\n[28.705ms] [rows:4] SELECT * FROM `temp_user` WHERE `temp_user`.`deleted_at` IS NULL LIMIT 4","time":"2022-12-08T19:55:54+08:00"}
{"level":"info","msg":"/Users/mac/Documents/gowork/temp/app/model/tempUser.go:127 SLOW SQL \u003e= 1ms\n[44.002ms] [rows:1] SELECT count(*) FROM `temp_user`","time":"2022-12-08T19:55:54+08:00"}
{"level":"info","msg":"/Users/mac/Documents/gowork/temp/app/model/tempUser.go:126 SLOW SQL \u003e= 1ms\n[29.003ms] [rows:4] SELECT * FROM `temp_user` WHERE `temp_user`.`deleted_at` IS NULL LIMIT 4","time":"2022-12-08T19:56:56+08:00"}
{"level":"info","msg":"/Users/mac/Documents/gowork/temp/app/model/tempUser.go:127 SLOW SQL \u003e= 1ms\n[29.983ms] [rows:1] SELECT count(*) FROM `temp_user`","time":"2022-12-08T19:56:56+08:00"}
{"level":"info","msg":"/Users/mac/Documents/gowork/temp/app/model/tempUser.go:126 SLOW SQL \u003e= 1ms\n[26.834ms] [rows:4] SELECT * FROM `temp_user` WHERE `temp_user`.`deleted_at` IS NULL LIMIT 4","time":"2022-12-08T19:57:14+08:00"}
{"level":"info","msg":"/Users/mac/Documents/gowork/temp/app/model/tempUser.go:127 SLOW SQL \u003e= 1ms\n[27.918ms] [rows:1] SELECT count(*) FROM `temp_user`","time":"2022-12-08T19:57:14+08:00"}
{"level":"info","msg":"/Users/mac/Documents/gowork/temp/app/model/tempUser.go:126 SLOW SQL \u003e= 1ms\n[27.641ms] [rows:4] SELECT * FROM `temp_user` WHERE `temp_user`.`deleted_at` IS NULL LIMIT 4","time":"2022-12-08T19:57:40+08:00"}
{"level":"info","msg":"/Users/mac/Documents/gowork/temp/app/model/tempUser.go:127 SLOW SQL \u003e= 1ms\n[50.410ms] [rows:1] SELECT count(*) FROM `temp_user`","time":"2022-12-08T19:57:40+08:00"}
{"level":"info","msg":"/Users/mac/Documents/gowork/temp/app/model/tempUser.go:126 SLOW SQL \u003e= 1ms\n[56.782ms] [rows:2] SELECT * FROM `temp_user` WHERE `temp_user`.`username` = 'super1' AND `temp_user`.`deleted_at` IS NULL LIMIT 4","time":"2022-12-08T19:57:50+08:00"}
{"level":"info","msg":"/Users/mac/Documents/gowork/temp/app/model/tempUser.go:127 SLOW SQL \u003e= 1ms\n[56.255ms] [rows:1] SELECT count(*) FROM `temp_user` WHERE `temp_user`.`username` = 'super1'","time":"2022-12-08T19:57:50+08:00"}
{"level":"error","msg":"error:Undefined validation function ' min:3' on field 'Username'","time":"2022-12-08T19:59:42+08:00"}
